#
# A fatal error has been detected by the Java Runtime Environment:
#
#  EXCEPTION_ACCESS_VIOLATION (0xc0000005) at pc=0x00007ffaa96e0537, pid=8152, tid=0x0000000000002664
#
# JRE version: Java(TM) SE Runtime Environment (8.0_261-b12) (build 1.8.0_261-b12)
# Java VM: Java HotSpot(TM) 64-Bit Server VM (25.261-b12 mixed mode windows-amd64 compressed oops)
# Problematic frame:
# C  [swt-win32-4926r21.dll+0x50537]
#
# Failed to write core dump. Minidumps are not enabled by default on client versions of Windows
#
# If you would like to submit a bug report, please visit:
#   http://bugreport.java.com/bugreport/crash.jsp
# The crash happened outside the Java Virtual Machine in native code.
# See problematic frame for where to report the bug.
#

---------------  T H R E A D  ---------------

Current thread (0x000001b248703800):  JavaThread "main" [_thread_in_native, id=9828, stack(0x00000053dcb00000,0x00000053dcc00000)]

siginfo: ExceptionCode=0xc0000005, writing address 0x000001b268ff1000

Registers:
RAX=0x000001b268ff0000, RBX=0x000000076b300010, RCX=0x00000000007071f1, RDX=0xfffffe5502310010
RSP=0x00000053dcbfa448, RBP=0x000001b268ff0000, RSI=0x000000076b301010, RDI=0x000001b268ff1000
R8 =0x000001b2487039f8, R9 =0x00000053dcbfa528, R10=0x000000076b300010, R11=0x00000053dcbfa528
R12=0x0000000000000000, R13=0x000001b262d17d68, R14=0x00000053dcbfa538, R15=0x000001b248703800
RIP=0x00007ffaa96e0537, EFLAGS=0x0000000000010207

Top of Stack: (sp=0x00000053dcbfa448)
0x00000053dcbfa448:   00007ffaa96b1d3b 0000000000000000
0x00000053dcbfa458:   000001b268ff0000 000001b2487039f8
0x00000053dcbfa468:   00000053dcbfa518 000001b24a037e90
0x00000053dcbfa478:   000001b24a049f4e 000001b262d17d68
0x00000053dcbfa488:   00000053dcbfa500 0000000020200021
0x00000053dcbfa498:   000000006c0e369b 00000053007081f1
0x00000053dcbfa4a8:   0000000000000000 00000053dcbfa538
0x00000053dcbfa4b8:   000001b262d25018 00000053dcbfa4c0
0x00000053dcbfa4c8:   0000000000000000 00000053dcbfa538
0x00000053dcbfa4d8:   000001b262d25018 0000000000000000
0x00000053dcbfa4e8:   000001b262d17d68 0000000000000000
0x00000053dcbfa4f8:   00000053dcbfa520 00000053dcbfa580
0x00000053dcbfa508:   000001b24a03837d 000000076f354fe0
0x00000053dcbfa518:   000001b24a042d78 00000000007081f1
0x00000053dcbfa528:   000000076b300000 000001b268ff0000
0x00000053dcbfa538:   000000076bbf3bc8 00000053dcbfa540 

Instructions: (pc=0x00007ffaa96e0537)
0x00007ffaa96e0517:   0f ba 25 29 33 03 00 01 0f 83 ab 01 00 00 49 8b
0x00007ffaa96e0527:   c3 4c 8b df 48 8b f9 49 8b c8 4c 8b c6 49 8b f2
0x00007ffaa96e0537:   f3 a4 49 8b f0 49 8b fb c3 0f 10 02 42 0f 10 4c
0x00007ffaa96e0547:   02 f0 0f 11 01 42 0f 11 4c 01 f0 48 8b c1 c3 66 


Register to memory mapping:

RAX=0x000001b268ff0000 is an unknown value
RBX=0x000000076b300010 is an oop

[error occurred during error reporting (printing register info), id 0xc0000005]

Stack: [0x00000053dcb00000,0x00000053dcc00000],  sp=0x00000053dcbfa448,  free space=1001k
Native frames: (J=compiled Java code, j=interpreted, Vv=VM code, C=native code)
C  [swt-win32-4926r21.dll+0x50537]
C  [swt-win32-4926r21.dll+0x21d3b]
C  0x000001b24a049f4e

Java frames: (J=compiled Java code, j=interpreted, Vv=VM code)
j  org.eclipse.swt.internal.win32.OS.MoveMemory(J[BI)V+0
j  org.eclipse.swt.graphics.Image.init(Lorg/eclipse/swt/graphics/Device;Lorg/eclipse/swt/graphics/Image;Lorg/eclipse/swt/graphics/ImageData;)[J+873
j  org.eclipse.swt.graphics.Image.init(Lorg/eclipse/swt/graphics/ImageData;)V+14
j  org.eclipse.swt.graphics.Image.<init>(Lorg/eclipse/swt/graphics/Device;Lorg/eclipse/swt/graphics/ImageData;)V+64
j  itmanagerip.NewIP$1.modifyText(Lorg/eclipse/swt/events/ModifyEvent;)V+334
j  org.eclipse.swt.widgets.TypedListener.handleEvent(Lorg/eclipse/swt/widgets/Event;)V+751
j  org.eclipse.swt.widgets.EventTable.sendEvent(Lorg/eclipse/swt/widgets/Event;)V+214
j  org.eclipse.swt.widgets.Display.sendEvent(Lorg/eclipse/swt/widgets/EventTable;Lorg/eclipse/swt/widgets/Event;)V+12
j  org.eclipse.swt.widgets.Widget.sendEvent(Lorg/eclipse/swt/widgets/Event;)V+26
j  org.eclipse.swt.widgets.Widget.sendEvent(ILorg/eclipse/swt/widgets/Event;Z)V+73
j  org.eclipse.swt.widgets.Widget.sendEvent(I)V+4
j  org.eclipse.swt.widgets.Text.wmCommandChild(JJ)Lorg/eclipse/swt/internal/win32/LRESULT;+74
j  org.eclipse.swt.widgets.Control.WM_COMMAND(JJ)Lorg/eclipse/swt/internal/win32/LRESULT;+81
J 1288 C1 org.eclipse.swt.widgets.Control.windowProc(JIJJ)J (1980 bytes) @ 0x000001b24a4f5084 [0x000001b24a4f14a0+0x3be4]
J 1331 C1 org.eclipse.swt.widgets.Canvas.windowProc(JIJJ)J (50 bytes) @ 0x000001b24a510824 [0x000001b24a5106e0+0x144]
j  org.eclipse.swt.widgets.Decorations.windowProc(JIJJ)J+66
J 1336 C1 org.eclipse.swt.widgets.Shell.windowProc(JIJJ)J (267 bytes) @ 0x000001b24a51ca94 [0x000001b24a51c340+0x754]
J 542 C1 org.eclipse.swt.widgets.Display.windowProc(JJJJ)J (108 bytes) @ 0x000001b24a27a59c [0x000001b24a27a280+0x31c]
v  ~StubRoutines::call_stub
J 544  org.eclipse.swt.internal.win32.OS.CallWindowProc(JJIJJ)J (0 bytes) @ 0x000001b24a27af96 [0x000001b24a27af40+0x56]
J 1340 C1 org.eclipse.swt.widgets.Text.callWindowProc(JIJJ)J (890 bytes) @ 0x000001b24a520fdc [0x000001b24a5201a0+0xe3c]
J 1288 C1 org.eclipse.swt.widgets.Control.windowProc(JIJJ)J (1980 bytes) @ 0x000001b24a4f83b4 [0x000001b24a4f14a0+0x6f14]
J 1339 C1 org.eclipse.swt.widgets.Text.windowProc(JIJJ)J (465 bytes) @ 0x000001b24a51eef4 [0x000001b24a51e220+0xcd4]
J 542 C1 org.eclipse.swt.widgets.Display.windowProc(JJJJ)J (108 bytes) @ 0x000001b24a27a654 [0x000001b24a27a280+0x3d4]
v  ~StubRoutines::call_stub
J 544  org.eclipse.swt.internal.win32.OS.CallWindowProc(JJIJJ)J (0 bytes) @ 0x000001b24a27af96 [0x000001b24a27af40+0x56]
j  org.eclipse.swt.widgets.Text.callWindowProc(JIJJ)J+833
J 1288 C1 org.eclipse.swt.widgets.Control.windowProc(JIJJ)J (1980 bytes) @ 0x000001b24a4f83b4 [0x000001b24a4f14a0+0x6f14]
j  org.eclipse.swt.widgets.Text.windowProc(JIJJ)J+395
J 542 C1 org.eclipse.swt.widgets.Display.windowProc(JJJJ)J (108 bytes) @ 0x000001b24a27a654 [0x000001b24a27a280+0x3d4]
v  ~StubRoutines::call_stub
J 544  org.eclipse.swt.internal.win32.OS.CallWindowProc(JJIJJ)J (0 bytes) @ 0x000001b24a27af96 [0x000001b24a27af40+0x56]
j  org.eclipse.swt.widgets.Text.callWindowProc(JIJJ)J+833
j  org.eclipse.swt.widgets.Widget.wmRButtonUp(JJJ)Lorg/eclipse/swt/internal/win32/LRESULT;+37
J 1288 C1 org.eclipse.swt.widgets.Control.windowProc(JIJJ)J (1980 bytes) @ 0x000001b24a4f3e3c [0x000001b24a4f14a0+0x299c]
j  org.eclipse.swt.widgets.Text.windowProc(JIJJ)J+395
J 542 C1 org.eclipse.swt.widgets.Display.windowProc(JJJJ)J (108 bytes) @ 0x000001b24a27a654 [0x000001b24a27a280+0x3d4]
v  ~StubRoutines::call_stub
j  org.eclipse.swt.internal.win32.OS.DispatchMessage(Lorg/eclipse/swt/internal/win32/MSG;)J+0
j  org.eclipse.swt.widgets.Display.readAndDispatch()Z+64
j  itmanagerip.NewIP.open()V+26
j  itmanagerip.NewIP.main([Ljava/lang/String;)V+9
v  ~StubRoutines::call_stub

---------------  P R O C E S S  ---------------

Java Threads: ( => current thread )
  0x000001b26396c000 JavaThread "Service Thread" daemon [_thread_blocked, id=932, stack(0x00000053dd800000,0x00000053dd900000)]
  0x000001b2638ef800 JavaThread "C1 CompilerThread2" daemon [_thread_blocked, id=9292, stack(0x00000053dd700000,0x00000053dd800000)]
  0x000001b2638d8000 JavaThread "C2 CompilerThread1" daemon [_thread_blocked, id=2844, stack(0x00000053dd600000,0x00000053dd700000)]
  0x000001b2638d5000 JavaThread "C2 CompilerThread0" daemon [_thread_blocked, id=10488, stack(0x00000053dd500000,0x00000053dd600000)]
  0x000001b2638d2800 JavaThread "Attach Listener" daemon [_thread_blocked, id=10776, stack(0x00000053dd400000,0x00000053dd500000)]
  0x000001b2638d2000 JavaThread "Signal Dispatcher" daemon [_thread_blocked, id=468, stack(0x00000053dd300000,0x00000053dd400000)]
  0x000001b26317b800 JavaThread "Finalizer" daemon [_thread_blocked, id=7364, stack(0x00000053dd200000,0x00000053dd300000)]
  0x000001b263172800 JavaThread "Reference Handler" daemon [_thread_blocked, id=7008, stack(0x00000053dd100000,0x00000053dd200000)]
=>0x000001b248703800 JavaThread "main" [_thread_in_native, id=9828, stack(0x00000053dcb00000,0x00000053dcc00000)]

Other Threads:
  0x000001b263892800 VMThread [stack: 0x00000053dd000000,0x00000053dd100000] [id=11056]
  0x000001b263989000 WatcherThread [stack: 0x00000053dd900000,0x00000053dda00000] [id=9820]

VM state:not at safepoint (normal execution)

VM Mutex/Monitor currently owned by a thread: None

heap address: 0x00000006c1800000, size: 4072 MB, Compressed Oops mode: Zero based, Oop shift amount: 3
Narrow klass base: 0x0000000000000000, Narrow klass shift: 3
Compressed class space size: 1073741824 Address: 0x00000007c0000000

Heap:
 PSYoungGen      total 76288K, used 21167K [0x000000076b300000, 0x0000000770800000, 0x00000007c0000000)
  eden space 65536K, 15% used [0x000000076b300000,0x000000076bd30618,0x000000076f300000)
  from space 10752K, 99% used [0x000000076f300000,0x000000076fd7b828,0x000000076fd80000)
  to   space 10752K, 0% used [0x000000076fd80000,0x000000076fd80000,0x0000000770800000)
 ParOldGen       total 175104K, used 12735K [0x00000006c1800000, 0x00000006cc300000, 0x000000076b300000)
  object space 175104K, 7% used [0x00000006c1800000,0x00000006c246fc80,0x00000006cc300000)
 Metaspace       used 13991K, capacity 14230K, committed 14464K, reserved 1062912K
  class space    used 1475K, capacity 1557K, committed 1664K, reserved 1048576K

Card table byte_map: [0x000001b2593f0000,0x000001b259bf0000] byte_map_base: 0x000001b255de4000

Marking Bits: (ParMarkBitMap*) 0x000000006c784fb0
 Begin Bits: [0x000001b25a140000, 0x000001b25e0e0000)
 End Bits:   [0x000001b25e0e0000, 0x000001b262080000)

Polling page: 0x000001b2486b0000

CodeCache: size=245760Kb used=5374Kb max_used=5374Kb free=240385Kb
 bounds [0x000001b24a030000, 0x000001b24a580000, 0x000001b259030000]
 total_blobs=2062 nmethods=1457 adapters=517
 compilation: enabled

Compilation events (10 events):
Event: 3.109 Thread 0x000001b2638ef800 nmethod 1449 0x000001b24a56cd10 code [0x000001b24a56ce80, 0x000001b24a56d090]
Event: 3.109 Thread 0x000001b2638ef800 1450   !   3       java.lang.ref.ReferenceQueue::remove (125 bytes)
Event: 3.110 Thread 0x000001b2638ef800 nmethod 1450 0x000001b24a56fb10 code [0x000001b24a56fce0, 0x000001b24a5705c0]
Event: 3.110 Thread 0x000001b2638ef800 1451       3       java.lang.ref.ReferenceQueue::reallyPoll (65 bytes)
Event: 3.110 Thread 0x000001b2638ef800 nmethod 1451 0x000001b24a5709d0 code [0x000001b24a570b40, 0x000001b24a570fd8]
Event: 3.110 Thread 0x000001b2638ef800 1447       3       java.lang.ref.Reference::clear (6 bytes)
Event: 3.110 Thread 0x000001b2638ef800 nmethod 1447 0x000001b24a5710d0 code [0x000001b24a571220, 0x000001b24a571398]
Event: 3.110 Thread 0x000001b2638ef800 1452       3       java.lang.ref.Finalizer::access$100 (6 bytes)
Event: 3.110 Thread 0x000001b2638ef800 nmethod 1452 0x000001b24a571410 code [0x000001b24a571580, 0x000001b24a5716f0]
Event: 3.110 Thread 0x000001b2638ef800 1453   !   3       java.lang.ref.Finalizer::runFinalizer (62 bytes)

GC Heap History (2 events):
Event: 3.092 GC heap before
{Heap before GC invocations=1 (full 0):
 PSYoungGen      total 76288K, used 60150K [0x000000076b300000, 0x0000000770800000, 0x00000007c0000000)
  eden space 65536K, 91% used [0x000000076b300000,0x000000076edbd910,0x000000076f300000)
  from space 10752K, 0% used [0x000000076fd80000,0x000000076fd80000,0x0000000770800000)
  to   space 10752K, 0% used [0x000000076f300000,0x000000076f300000,0x000000076fd80000)
 ParOldGen       total 175104K, used 0K [0x00000006c1800000, 0x00000006cc300000, 0x000000076b300000)
  object space 175104K, 0% used [0x00000006c1800000,0x00000006c1800000,0x00000006cc300000)
 Metaspace       used 13978K, capacity 14230K, committed 14464K, reserved 1062912K
  class space    used 1474K, capacity 1557K, committed 1664K, reserved 1048576K
Event: 3.107 GC heap after
Heap after GC invocations=1 (full 0):
 PSYoungGen      total 76288K, used 10734K [0x000000076b300000, 0x0000000770800000, 0x00000007c0000000)
  eden space 65536K, 0% used [0x000000076b300000,0x000000076b300000,0x000000076f300000)
  from space 10752K, 99% used [0x000000076f300000,0x000000076fd7b828,0x000000076fd80000)
  to   space 10752K, 0% used [0x000000076fd80000,0x000000076fd80000,0x0000000770800000)
 ParOldGen       total 175104K, used 12735K [0x00000006c1800000, 0x00000006cc300000, 0x000000076b300000)
  object space 175104K, 7% used [0x00000006c1800000,0x00000006c246fc80,0x00000006cc300000)
 Metaspace       used 13978K, capacity 14230K, committed 14464K, reserved 1062912K
  class space    used 1474K, capacity 1557K, committed 1664K, reserved 1048576K
}

Deoptimization events (10 events):
Event: 1.089 Thread 0x000001b248703800 Uncommon trap: reason=unstable_if action=reinterpret pc=0x000001b24a2ec164 method=java.lang.StringCoding$StringDecoder.decode([BII)[C @ 33
Event: 1.093 Thread 0x000001b248703800 Uncommon trap: reason=unstable_if action=reinterpret pc=0x000001b24a2c8b40 method=java.util.HashMap.putVal(ILjava/lang/Object;Ljava/lang/Object;ZZ)Ljava/lang/Object; @ 162
Event: 1.093 Thread 0x000001b248703800 Uncommon trap: reason=unstable_if action=reinterpret pc=0x000001b24a386dc0 method=java.util.HashMap.resize()[Ljava/util/HashMap$Node; @ 206
Event: 2.615 Thread 0x000001b248703800 Uncommon trap: reason=class_check action=maybe_recompile pc=0x000001b24a480468 method=sun.security.util.math.intpoly.IntegerPolynomial$MutableElement.setProduct(Lsun/security/util/math/IntegerModuloP;)Lsun/security/util/math/intpoly/IntegerPolynomial$Muta
Event: 2.615 Thread 0x000001b248703800 Uncommon trap: reason=class_check action=maybe_recompile pc=0x000001b24a480468 method=sun.security.util.math.intpoly.IntegerPolynomial$MutableElement.setProduct(Lsun/security/util/math/IntegerModuloP;)Lsun/security/util/math/intpoly/IntegerPolynomial$Muta
Event: 2.616 Thread 0x000001b248703800 Uncommon trap: reason=class_check action=maybe_recompile pc=0x000001b24a480468 method=sun.security.util.math.intpoly.IntegerPolynomial$MutableElement.setProduct(Lsun/security/util/math/IntegerModuloP;)Lsun/security/util/math/intpoly/IntegerPolynomial$Muta
Event: 2.616 Thread 0x000001b248703800 Uncommon trap: reason=class_check action=maybe_recompile pc=0x000001b24a480468 method=sun.security.util.math.intpoly.IntegerPolynomial$MutableElement.setProduct(Lsun/security/util/math/IntegerModuloP;)Lsun/security/util/math/intpoly/IntegerPolynomial$Muta
Event: 2.630 Thread 0x000001b248703800 Uncommon trap: reason=unstable_if action=reinterpret pc=0x000001b24a37c220 method=java.util.Arrays.equals([B[B)Z @ 12
Event: 2.653 Thread 0x000001b248703800 Uncommon trap: reason=unstable_if action=reinterpret pc=0x000001b24a42d1c8 method=java.util.regex.Matcher.reset()Ljava/util/regex/Matcher; @ 47
Event: 2.653 Thread 0x000001b248703800 Uncommon trap: reason=bimorphic action=maybe_recompile pc=0x000001b24a359c28 method=java.util.regex.Pattern$BmpCharProperty.match(Ljava/util/regex/Matcher;ILjava/lang/CharSequence;)Z @ 16

Classes redefined (0 events):
No events

Internal exceptions (10 events):
Event: 0.583 Thread 0x000001b248703800 Exception <a 'java/security/PrivilegedActionException'> (0x000000076c57f150) thrown at [C:\jenkins\workspace\8-2-build-windows-amd64-cygwin\jdk8u261\295\hotspot\src\share\vm\prims\jvm.cpp, line 1512]
Event: 0.583 Thread 0x000001b248703800 Exception <a 'java/security/PrivilegedActionException'> (0x000000076c57f548) thrown at [C:\jenkins\workspace\8-2-build-windows-amd64-cygwin\jdk8u261\295\hotspot\src\share\vm\prims\jvm.cpp, line 1512]
Event: 0.583 Thread 0x000001b248703800 Exception <a 'java/security/PrivilegedActionException'> (0x000000076c580808) thrown at [C:\jenkins\workspace\8-2-build-windows-amd64-cygwin\jdk8u261\295\hotspot\src\share\vm\prims\jvm.cpp, line 1512]
Event: 0.583 Thread 0x000001b248703800 Exception <a 'java/security/PrivilegedActionException'> (0x000000076c580c00) thrown at [C:\jenkins\workspace\8-2-build-windows-amd64-cygwin\jdk8u261\295\hotspot\src\share\vm\prims\jvm.cpp, line 1512]
Event: 0.583 Thread 0x000001b248703800 Exception <a 'java/security/PrivilegedActionException'> (0x000000076c581f50) thrown at [C:\jenkins\workspace\8-2-build-windows-amd64-cygwin\jdk8u261\295\hotspot\src\share\vm\prims\jvm.cpp, line 1512]
Event: 0.583 Thread 0x000001b248703800 Exception <a 'java/security/PrivilegedActionException'> (0x000000076c582348) thrown at [C:\jenkins\workspace\8-2-build-windows-amd64-cygwin\jdk8u261\295\hotspot\src\share\vm\prims\jvm.cpp, line 1512]
Event: 0.583 Thread 0x000001b248703800 Exception <a 'java/security/PrivilegedActionException'> (0x000000076c5837e0) thrown at [C:\jenkins\workspace\8-2-build-windows-amd64-cygwin\jdk8u261\295\hotspot\src\share\vm\prims\jvm.cpp, line 1512]
Event: 0.583 Thread 0x000001b248703800 Exception <a 'java/security/PrivilegedActionException'> (0x000000076c583bd8) thrown at [C:\jenkins\workspace\8-2-build-windows-amd64-cygwin\jdk8u261\295\hotspot\src\share\vm\prims\jvm.cpp, line 1512]
Event: 0.596 Thread 0x000001b248703800 Implicit null exception at 0x000001b24a29c2d4 to 0x000001b24a29c6a5
Event: 2.630 Thread 0x000001b248703800 Implicit null exception at 0x000001b24a37c0d8 to 0x000001b24a37c20d

Events (10 events):
Event: 2.653 loading class com/microsoft/sqlserver/jdbc/ParameterUtils
Event: 2.653 loading class com/microsoft/sqlserver/jdbc/ParameterUtils done
Event: 2.654 loading class com/microsoft/sqlserver/jdbc/Parameter
Event: 2.654 loading class com/microsoft/sqlserver/jdbc/Parameter done
Event: 3.092 Executing VM operation: ParallelGCFailedAllocation
Event: 3.107 Executing VM operation: ParallelGCFailedAllocation done
Event: 3.109 loading class sun/security/ssl/SecureKey
Event: 3.109 loading class sun/security/ssl/SecureKey done
Event: 3.109 loading class java/util/concurrent/ConcurrentHashMap$KeyIterator
Event: 3.109 loading class java/util/concurrent/ConcurrentHashMap$KeyIterator done


Dynamic libraries:
0x00007ff721520000 - 0x00007ff721567000 	C:\Program Files\Java\jre1.8.0_261\bin\javaw.exe
0x00007ffacdef0000 - 0x00007fface0e5000 	C:\WINDOWS\SYSTEM32\ntdll.dll
0x00007ffacd8a0000 - 0x00007ffacd95d000 	C:\WINDOWS\System32\KERNEL32.DLL
0x00007ffacb920000 - 0x00007ffacbbe7000 	C:\WINDOWS\System32\KERNELBASE.dll
0x00007ffaccb00000 - 0x00007ffaccbaa000 	C:\WINDOWS\System32\ADVAPI32.dll
0x00007ffacd0f0000 - 0x00007ffacd18e000 	C:\WINDOWS\System32\msvcrt.dll
0x00007ffacd190000 - 0x00007ffacd22b000 	C:\WINDOWS\System32\sechost.dll
0x00007ffacd960000 - 0x00007ffacda84000 	C:\WINDOWS\System32\RPCRT4.dll
0x00007ffacda90000 - 0x00007ffacdc30000 	C:\WINDOWS\System32\USER32.dll
0x00007ffacb680000 - 0x00007ffacb6a2000 	C:\WINDOWS\System32\win32u.dll
0x00007ffacc1d0000 - 0x00007ffacc1fa000 	C:\WINDOWS\System32\GDI32.dll
0x00007ffacb6b0000 - 0x00007ffacb7b9000 	C:\WINDOWS\System32\gdi32full.dll
0x00007ffacbeb0000 - 0x00007ffacbf4d000 	C:\WINDOWS\System32\msvcp_win.dll
0x00007ffacbd80000 - 0x00007ffacbe80000 	C:\WINDOWS\System32\ucrtbase.dll
0x00007ffaa5f40000 - 0x00007ffaa61db000 	C:\WINDOWS\WinSxS\amd64_microsoft.windows.common-controls_6595b64144ccf1df_6.0.19041.488_none_ca04af081b815d21\COMCTL32.dll
0x00007ffaccf80000 - 0x00007ffaccfb0000 	C:\WINDOWS\System32\IMM32.DLL
0x00007ffaba880000 - 0x00007ffaba895000 	C:\Program Files\Java\jre1.8.0_261\bin\vcruntime140.dll
0x00007ffaa9730000 - 0x00007ffaa97cb000 	C:\Program Files\Java\jre1.8.0_261\bin\msvcp140.dll
0x000000006bf90000 - 0x000000006c7fc000 	C:\Program Files\Java\jre1.8.0_261\bin\server\jvm.dll
0x00007ffacd0e0000 - 0x00007ffacd0e8000 	C:\WINDOWS\System32\PSAPI.DLL
0x00007ffabb410000 - 0x00007ffabb437000 	C:\WINDOWS\SYSTEM32\WINMM.dll
0x00007ffac2d10000 - 0x00007ffac2d1a000 	C:\WINDOWS\SYSTEM32\VERSION.dll
0x00007ffac76c0000 - 0x00007ffac76c9000 	C:\WINDOWS\SYSTEM32\WSOCK32.dll
0x00007ffacdc30000 - 0x00007ffacdc9b000 	C:\WINDOWS\System32\WS2_32.dll
0x00007ffac94a0000 - 0x00007ffac94b3000 	C:\WINDOWS\SYSTEM32\kernel.appcore.dll
0x00007ffaba7b0000 - 0x00007ffaba7c0000 	C:\Program Files\Java\jre1.8.0_261\bin\verify.dll
0x00007ffab4440000 - 0x00007ffab446b000 	C:\Program Files\Java\jre1.8.0_261\bin\java.dll
0x00007ffab4420000 - 0x00007ffab4438000 	C:\Program Files\Java\jre1.8.0_261\bin\zip.dll
0x00007ffacc3b0000 - 0x00007ffaccaf1000 	C:\WINDOWS\System32\SHELL32.dll
0x00007ffac97b0000 - 0x00007ffac9f43000 	C:\WINDOWS\SYSTEM32\windows.storage.dll
0x00007ffaccbc0000 - 0x00007ffaccf15000 	C:\WINDOWS\System32\combase.dll
0x00007ffacafd0000 - 0x00007ffacaffc000 	C:\WINDOWS\SYSTEM32\Wldp.dll
0x00007ffacc300000 - 0x00007ffacc3ae000 	C:\WINDOWS\System32\SHCORE.dll
0x00007ffacc0c0000 - 0x00007ffacc115000 	C:\WINDOWS\System32\shlwapi.dll
0x00007ffacb560000 - 0x00007ffacb586000 	C:\WINDOWS\SYSTEM32\profapi.dll
0x00007ffaa9690000 - 0x00007ffaa9722000 	C:\Users\gon\.swt\lib\win32\x86_64\swt-win32-4926r21.dll
0x00007ffaccfb0000 - 0x00007ffacd0d9000 	C:\WINDOWS\System32\ole32.dll
0x00007ffacbff0000 - 0x00007ffacc0bd000 	C:\WINDOWS\System32\OLEAUT32.dll
0x00007ffacd230000 - 0x00007ffacd30a000 	C:\WINDOWS\System32\COMDLG32.dll
0x00007ffacb7c0000 - 0x00007ffacb91d000 	C:\WINDOWS\System32\CRYPT32.dll
0x00007ffab9f20000 - 0x00007ffab9fae000 	C:\WINDOWS\SYSTEM32\WINSPOOL.DRV
0x00007ffab40f0000 - 0x00007ffab4109000 	C:\WINDOWS\SYSTEM32\USP10.dll
0x00007ffaa73d0000 - 0x00007ffaa78aa000 	C:\WINDOWS\SYSTEM32\WININET.dll
0x00007ffac90f0000 - 0x00007ffac918f000 	C:\WINDOWS\SYSTEM32\UxTheme.dll
0x00007ffac5ac0000 - 0x00007ffac5bb7000 	C:\WINDOWS\SYSTEM32\PROPSYS.dll
0x00007ffac2510000 - 0x00007ffac26fd000 	C:\WINDOWS\SYSTEM32\urlmon.dll
0x00007ffac71d0000 - 0x00007ffac71d7000 	C:\WINDOWS\SYSTEM32\MSIMG32.dll
0x00007ffaba310000 - 0x00007ffaba5bf000 	C:\WINDOWS\SYSTEM32\iertutil.dll
0x00007ffacd780000 - 0x00007ffacd895000 	C:\WINDOWS\System32\MSCTF.dll
0x00007ffacbbf0000 - 0x00007ffacbc6f000 	C:\WINDOWS\System32\bcryptPrimitives.dll
0x00007ffaba060000 - 0x00007ffaba0c6000 	C:\WINDOWS\SYSTEM32\oleacc.dll
0x00007ffaad1e0000 - 0x00007ffaad28c000 	C:\WINDOWS\SYSTEM32\TextShaping.dll
0x00007ffab41d0000 - 0x00007ffab41ec000 	C:\Program Files\Java\jre1.8.0_261\bin\net.dll
0x00007ffacad50000 - 0x00007ffacadba000 	C:\WINDOWS\system32\mswsock.dll
0x00007ffacaf20000 - 0x00007ffacaf38000 	C:\WINDOWS\SYSTEM32\CRYPTSP.dll
0x00007ffaca6e0000 - 0x00007ffaca714000 	C:\WINDOWS\system32\rsaenh.dll
0x00007ffacbe80000 - 0x00007ffacbea7000 	C:\WINDOWS\System32\bcrypt.dll
0x00007ffacb490000 - 0x00007ffacb4be000 	C:\WINDOWS\SYSTEM32\USERENV.dll
0x00007ffacaf40000 - 0x00007ffacaf4c000 	C:\WINDOWS\SYSTEM32\CRYPTBASE.dll
0x00007ffacaa40000 - 0x00007ffacaa7b000 	C:\WINDOWS\SYSTEM32\IPHLPAPI.DLL
0x00007ffacc260000 - 0x00007ffacc269000 	C:\WINDOWS\System32\NSI.dll
0x00007ffac47c0000 - 0x00007ffac47d7000 	C:\WINDOWS\SYSTEM32\dhcpcsvc6.DLL
0x00007ffac4620000 - 0x00007ffac463d000 	C:\WINDOWS\SYSTEM32\dhcpcsvc.DLL
0x00007ffacaa80000 - 0x00007ffacab4b000 	C:\WINDOWS\SYSTEM32\DNSAPI.dll
0x00007ffab41b0000 - 0x00007ffab41c3000 	C:\Program Files\Java\jre1.8.0_261\bin\nio.dll
0x00007ffab4070000 - 0x00007ffab4094000 	C:\Program Files\Java\jre1.8.0_261\bin\sunec.dll
0x00007ffac7260000 - 0x00007ffac726d000 	C:\Program Files\Java\jre1.8.0_261\bin\sunmscapi.dll
0x00007ffacb040000 - 0x00007ffacb067000 	C:\WINDOWS\SYSTEM32\ncrypt.dll
0x00007ffacb000000 - 0x00007ffacb03b000 	C:\WINDOWS\SYSTEM32\NTASN1.dll
0x00007ffab8350000 - 0x00007ffab8367000 	C:\WINDOWS\system32\napinsp.dll
0x00007ffab8370000 - 0x00007ffab838b000 	C:\WINDOWS\system32\pnrpnsp.dll
0x00007ffab8390000 - 0x00007ffab83a5000 	C:\WINDOWS\system32\wshbth.dll
0x00007ffac6140000 - 0x00007ffac615d000 	C:\WINDOWS\system32\NLAapi.dll
0x00007ffac35a0000 - 0x00007ffac35b2000 	C:\WINDOWS\System32\winrnr.dll
0x00007ffac45a0000 - 0x00007ffac45aa000 	C:\Windows\System32\rasadhlp.dll
0x00007ffac4740000 - 0x00007ffac47bf000 	C:\WINDOWS\System32\fwpuclnt.dll
0x00007ffab1320000 - 0x00007ffab141d000 	C:\WINDOWS\SYSTEM32\textinputframework.dll
0x00007ffac8a90000 - 0x00007ffac8b82000 	C:\WINDOWS\System32\CoreMessaging.dll
0x00007ffac8b90000 - 0x00007ffac8eea000 	C:\WINDOWS\System32\CoreUIComponents.dll
0x00007ffaca350000 - 0x00007ffaca383000 	C:\WINDOWS\SYSTEM32\ntmarta.dll
0x00007ffac8930000 - 0x00007ffac8a86000 	C:\WINDOWS\SYSTEM32\wintypes.dll
0x00007ffac4d80000 - 0x00007ffac4f64000 	C:\WINDOWS\SYSTEM32\dbghelp.dll

VM Arguments:
jvm_args: -Dfile.encoding=UTF-8 
java_command: itmanagerip.NewIP
java_class_path (initial): C:\Users\gon\.p2\pool\plugins\org.eclipse.core.runtime_3.15.300.v20190508-0543.jar;C:\Users\gon\.p2\pool\plugins\javax.inject_1.0.0.v20091030.jar;C:\Users\gon\.p2\pool\plugins\org.eclipse.osgi_3.14.0.v20190517-1309.jar;C:\Users\gon\.p2\pool\plugins\org.eclipse.osgi.compatibility.state_1.1.500.v20190516-1407.jar;C:\Users\gon\.p2\pool\plugins\org.eclipse.equinox.common_3.10.400.v20190516-1504.jar;C:\Users\gon\.p2\pool\plugins\org.eclipse.core.jobs_3.10.400.v20190506-1457.jar;C:\Users\gon\.p2\pool\plugins\org.eclipse.equinox.registry_3.8.400.v20190516-1504.jar;C:\Users\gon\.p2\pool\plugins\org.eclipse.equinox.preferences_3.7.400.v20190516-1504.jar;C:\Users\gon\.p2\pool\plugins\org.eclipse.core.contenttype_3.7.300.v20190215-2048.jar;C:\Users\gon\.p2\pool\plugins\org.eclipse.equinox.app_1.4.200.v20190516-1504.jar;C:\Users\gon\.p2\pool\plugins\org.eclipse.swt_3.111.0.v20190605-1801.jar;C:\Users\gon\.p2\pool\plugins\org.eclipse.swt.win32.win32.x86_64_3.111.0.v20190605-1801.jar;G:\Thuc hanh Java Eclipse\ITManagerIP\bin;G:\Thuc hanh Java Eclipse\ITManagerIP\SQL\sqljdbc42.jar;E:\Windows\Soft\Java\Excel\poi-4.1.2\poi-4.1.2.jar;E:\Windows\Soft\Java\Excel\poi-4.1.2\poi-examples-4.1.2.jar;E:\Windows\Soft\Java\Excel\poi-4.1.2\poi-excelant-4.1.2.jar;E:\Windows\Soft\Java\Excel\poi-4.1.2\poi-ooxml-4.1.2.jar;E:\Windows\Soft\Java\Excel\poi-4.1.2\poi-ooxml-schemas-4.1.2.jar;E:\Windows\Soft\Java\Excel\poi-4.1.2\poi-scratchpad-4.1.2.jar;E:\Windows\Soft\Java\Excel\poi-4.1.2\lib\commons-codec-1.13.jar;E:\Windows\Soft\Java\Excel\poi-4.1.2\lib\commons-collections4-4.4.jar;E:\Windows\Soft\Java\Excel\poi-4.1.2\lib\activation-1.1.1.jar;E:\Windows\Soft\Java\Excel\poi-4.1.2\lib\commons-compress-1.19.jar;E:\Windows\Soft\Java\Excel\poi-4.1.2\lib\commons-logging-1.2.jar;E:\Windows\Soft\Java\Excel\poi-4.1.2\lib\commons-math3-3.6.1.jar;E:\Windows\Soft\Java\Excel\poi-4.1.2\lib\jaxb-api-2.3.1.jar;E:\Windows\Soft\Java\Excel\poi-4.1.2\lib\jaxb-core-2.3.0.1.jar;E:\Windows\Soft\J
Launcher Type: SUN_STANDARD

Environment Variables:
PATH=C:/Program Files/Java/jre1.8.0_261/bin/server;C:/Program Files/Java/jre1.8.0_261/bin;C:/Program Files/Java/jre1.8.0_261/lib/amd64;C:\Program Files (x86)\Common Files\Intel\Shared Files\cpp\bin\Intel64;C:\Program Files\Python\Scripts\;C:\Program Files\Python\;C:\Program Files (x86)\Common Files\Oracle\Java\javapath;C:\ProgramData\Oracle\Java\javapath;C:\WINDOWS\system32;C:\WINDOWS;C:\WINDOWS\System32\Wbem;C:\WINDOWS\System32\WindowsPowerShell\v1.0\;C:\WINDOWS\System32\OpenSSH\;C:\Program Files\Microsoft SQL Server\Client SDK\ODBC\110\Tools\Binn\;C:\Program Files (x86)\Microsoft SQL Server\120\Tools\Binn\;C:\Program Files\Microsoft SQL Server\120\Tools\Binn\;C:\Program Files\Microsoft SQL Server\120\DTS\Binn\;C:\Program Files (x86)\Microsoft SQL Server\120\Tools\Binn\ManagementStudio\;C:\Program Files (x86)\Microsoft SQL Server\120\DTS\Binn\;C:\Program Files\Microsoft SQL Server\110\Tools\Binn\;C:\Opencv\build\x64\vc15\bin;C:\Program Files\dotnet\;C:\Program Files (x86)\QuickTime\QTSystem\;C:\Users\gon\AppData\Local\Microsoft\WindowsApps;;C:\Program Files\JetBrains\PyCharm Community Edition 2019.1.3\bin;;C:\Program Files\Microsoft VS Code\bin;C:\WINDOWS\system32;
USERNAME=gon
OS=Windows_NT
PROCESSOR_IDENTIFIER=Intel64 Family 6 Model 60 Stepping 3, GenuineIntel



---------------  S Y S T E M  ---------------

OS: Windows 10.0 , 64 bit Build 19041 (10.0.19041.292)

CPU:total 4 (initial active 4) (2 cores per cpu, 2 threads per core) family 6 model 60 stepping 3, cmov, cx8, fxsr, mmx, sse, sse2, sse3, ssse3, sse4.1, sse4.2, popcnt, avx, avx2, aes, clmul, erms, lzcnt, ht, tsc, tscinvbit, bmi1, bmi2

Memory: 4k page, physical 16674572k(10422428k free), swap 19164940k(11516932k free)

vm_info: Java HotSpot(TM) 64-Bit Server VM (25.261-b12) for windows-amd64 JRE (1.8.0_261-b12), built on Jun 18 2020 06:56:32 by "" with unknown MS VC++:1916

time: Wed Oct 14 16:03:20 2020
timezone: SE Asia Standard Time
elapsed time: 3 seconds (0d 0h 0m 3s)

